Performing C SOURCE FILE Test CMAKE_HAVE_LIBC_PTHREAD failed with the following output:
Change Dir: /mnt/c/Users/nikgl/OneDrive/Desktop/123/build/CMakeFiles/CMakeTmp

Run Build Command(s):/usr/bin/gmake -f Makefile cmTC_ab269/fast && /usr/bin/gmake  -f CMakeFiles/cmTC_ab269.dir/build.make CMakeFiles/cmTC_ab269.dir/build
gmake[1]: Entering directory '/mnt/c/Users/nikgl/OneDrive/Desktop/123/build/CMakeFiles/CMakeTmp'
Building C object CMakeFiles/cmTC_ab269.dir/src.c.o
/usr/bin/cc -DCMAKE_HAVE_LIBC_PTHREAD   -o CMakeFiles/cmTC_ab269.dir/src.c.o -c /mnt/c/Users/nikgl/OneDrive/Desktop/123/build/CMakeFiles/CMakeTmp/src.c
Linking C executable cmTC_ab269
/usr/bin/cmake -E cmake_link_script CMakeFiles/cmTC_ab269.dir/link.txt --verbose=1
/usr/bin/cc CMakeFiles/cmTC_ab269.dir/src.c.o -o cmTC_ab269 
CMakeFiles/cmTC_ab269.dir/src.c.o: In function `main':
src.c:(.text+0x2d): undefined reference to `pthread_create'
src.c:(.text+0x39): undefined reference to `pthread_detach'
src.c:(.text+0x45): undefined reference to `pthread_cancel'
src.c:(.text+0x56): undefined reference to `pthread_join'
collect2: error: ld returned 1 exit status
gmake[1]: *** [CMakeFiles/cmTC_ab269.dir/build.make:99: cmTC_ab269] Error 1
gmake[1]: Leaving directory '/mnt/c/Users/nikgl/OneDrive/Desktop/123/build/CMakeFiles/CMakeTmp'
gmake: *** [Makefile:127: cmTC_ab269/fast] Error 2


Source file was:
#include <pthread.h>

static void* test_func(void* data)
{
  return data;
}

int main(void)
{
  pthread_t thread;
  pthread_create(&thread, NULL, test_func, NULL);
  pthread_detach(thread);
  pthread_cancel(thread);
  pthread_join(thread, NULL);
  pthread_atfork(NULL, NULL, NULL);
  pthread_exit(NULL);

  return 0;
}

Determining if the function pthread_create exists in the pthreads failed with the following output:
Change Dir: /mnt/c/Users/nikgl/OneDrive/Desktop/123/build/CMakeFiles/CMakeTmp

Run Build Command(s):/usr/bin/gmake -f Makefile cmTC_6d8f1/fast && /usr/bin/gmake  -f CMakeFiles/cmTC_6d8f1.dir/build.make CMakeFiles/cmTC_6d8f1.dir/build
gmake[1]: Entering directory '/mnt/c/Users/nikgl/OneDrive/Desktop/123/build/CMakeFiles/CMakeTmp'
Building C object CMakeFiles/cmTC_6d8f1.dir/CheckFunctionExists.c.o
/usr/bin/cc   -DCHECK_FUNCTION_EXISTS=pthread_create -o CMakeFiles/cmTC_6d8f1.dir/CheckFunctionExists.c.o -c /usr/share/cmake/Modules/CheckFunctionExists.c
Linking C executable cmTC_6d8f1
/usr/bin/cmake -E cmake_link_script CMakeFiles/cmTC_6d8f1.dir/link.txt --verbose=1
/usr/bin/cc  -DCHECK_FUNCTION_EXISTS=pthread_create CMakeFiles/cmTC_6d8f1.dir/CheckFunctionExists.c.o -o cmTC_6d8f1  -lpthreads 
/usr/bin/ld: cannot find -lpthreads
collect2: error: ld returned 1 exit status
gmake[1]: *** [CMakeFiles/cmTC_6d8f1.dir/build.make:99: cmTC_6d8f1] Error 1
gmake[1]: Leaving directory '/mnt/c/Users/nikgl/OneDrive/Desktop/123/build/CMakeFiles/CMakeTmp'
gmake: *** [Makefile:127: cmTC_6d8f1/fast] Error 2



